[0.275s] Invoking command in '/home/mp4d/ros2_ws/src/contour_finder_cpp/build/contour_finder_cpp': CMAKE_PREFIX_PATH=${CMAKE_PREFIX_PATH}:/opt/ros/foxy /usr/bin/cmake /home/mp4d/ros2_ws/src/contour_finder_cpp -DCMAKE_INSTALL_PREFIX=/home/mp4d/ros2_ws/src/contour_finder_cpp/install/contour_finder_cpp
[0.772s] -- The C compiler identification is GNU 9.4.0
[1.195s] -- The CXX compiler identification is GNU 9.4.0
[1.225s] -- Check for working C compiler: /usr/bin/cc
[1.727s] -- Check for working C compiler: /usr/bin/cc -- works
[1.732s] -- Detecting C compiler ABI info
[2.238s] -- Detecting C compiler ABI info - done
[2.325s] -- Detecting C compile features
[2.327s] -- Detecting C compile features - done
[2.345s] -- Check for working CXX compiler: /usr/bin/c++
[2.909s] -- Check for working CXX compiler: /usr/bin/c++ -- works
[2.916s] -- Detecting CXX compiler ABI info
[3.472s] -- Detecting CXX compiler ABI info - done
[3.566s] -- Detecting CXX compile features
[3.569s] -- Detecting CXX compile features - done
[3.584s] -- Found ament_cmake: 0.9.12 (/opt/ros/foxy/share/ament_cmake/cmake)
[3.705s] -- Found PythonInterp: /usr/bin/python3 (found suitable version "3.8.10", minimum required is "3") 
[3.706s] -- Using PYTHON_EXECUTABLE: /usr/bin/python3
[4.895s] -- Found rclcpp: 2.4.3 (/opt/ros/foxy/share/rclcpp/cmake)
[5.130s] -- Using all available rosidl_typesupport_c: rosidl_typesupport_fastrtps_c;rosidl_typesupport_introspection_c
[5.167s] -- Found rosidl_adapter: 1.3.1 (/opt/ros/foxy/share/rosidl_adapter/cmake)
[5.531s] -- Found OpenSSL: /usr/lib/aarch64-linux-gnu/libcrypto.so (found version "1.1.1f")  
[5.667s] -- Found FastRTPS: /opt/ros/foxy/include  
[6.074s] -- Using all available rosidl_typesupport_cpp: rosidl_typesupport_fastrtps_cpp;rosidl_typesupport_introspection_cpp
[6.476s] -- Found rmw_implementation_cmake: 1.0.4 (/opt/ros/foxy/share/rmw_implementation_cmake/cmake)
[6.486s] -- Using RMW implementation 'rmw_fastrtps_cpp' as default
[6.493s] -- Looking for pthread.h
[7.031s] -- Looking for pthread.h - found
[7.033s] -- Performing Test CMAKE_HAVE_LIBC_PTHREAD
[7.562s] -- Performing Test CMAKE_HAVE_LIBC_PTHREAD - Failed
[7.563s] -- Looking for pthread_create in pthreads
[7.933s] -- Looking for pthread_create in pthreads - not found
[7.934s] -- Looking for pthread_create in pthread
[8.463s] -- Looking for pthread_create in pthread - found
[8.470s] -- Found Threads: TRUE  
[9.684s] -- Found sensor_msgs: 2.0.5 (/opt/ros/foxy/share/sensor_msgs/cmake)
[10.798s] -- Found OpenCV: /usr (found version "4.2.0") 
[10.804s] -- Found cv_bridge: 3.0.7 (/opt/ros/foxy/share/cv_bridge/cmake)
[10.926s] -- Found dynamixel_sdk_custom_interfaces: 3.7.40 (/home/mp4d/DynamixelSDK/install/dynamixel_sdk_custom_interfaces/share/dynamixel_sdk_custom_interfaces/cmake)
[11.650s] -- Configuring done
[11.821s] -- Generating done
[11.836s] -- Build files have been written to: /home/mp4d/ros2_ws/src/contour_finder_cpp/build/contour_finder_cpp
[11.931s] Invoked command in '/home/mp4d/ros2_ws/src/contour_finder_cpp/build/contour_finder_cpp' returned '0': CMAKE_PREFIX_PATH=${CMAKE_PREFIX_PATH}:/opt/ros/foxy /usr/bin/cmake /home/mp4d/ros2_ws/src/contour_finder_cpp -DCMAKE_INSTALL_PREFIX=/home/mp4d/ros2_ws/src/contour_finder_cpp/install/contour_finder_cpp
[11.949s] Invoking command in '/home/mp4d/ros2_ws/src/contour_finder_cpp/build/contour_finder_cpp': CMAKE_PREFIX_PATH=${CMAKE_PREFIX_PATH}:/opt/ros/foxy /usr/bin/cmake --build /home/mp4d/ros2_ws/src/contour_finder_cpp/build/contour_finder_cpp -- -j4 -l4
[12.210s] [35m[1mScanning dependencies of target contour_finder[0m
[12.873s] [ 50%] [32mBuilding CXX object CMakeFiles/contour_finder.dir/src/contour_finder.cpp.o[0m
[34.930s] [01m[K/home/mp4d/ros2_ws/src/contour_finder_cpp/src/contour_finder.cpp:[m[K In member function ‘[01m[Kvoid ContourFinder::onNetOutMsg(std_msgs::msg::String_<std::allocator<void> >::SharedPtr)[m[K’:
[34.931s] [01m[K/home/mp4d/ros2_ws/src/contour_finder_cpp/src/contour_finder.cpp:97:65:[m[K [01;35m[Kwarning: [m[Kunused parameter ‘[01m[Kmsg[m[K’ [[01;35m[K-Wunused-parameter[m[K]
[34.932s]    97 |         void onNetOutMsg([01;35m[Kconst std_msgs::msg::String::SharedPtr msg[m[K){
[34.933s]       |                          [01;35m[K~~~~~~~~~~~~~~~~~~~~~~~~~~~~~~~~~~~~~~~^~~[m[K
[82.340s] [100%] [32m[1mLinking CXX executable contour_finder[0m
[93.545s] [100%] Built target contour_finder
[93.621s] Invoked command in '/home/mp4d/ros2_ws/src/contour_finder_cpp/build/contour_finder_cpp' returned '0': CMAKE_PREFIX_PATH=${CMAKE_PREFIX_PATH}:/opt/ros/foxy /usr/bin/cmake --build /home/mp4d/ros2_ws/src/contour_finder_cpp/build/contour_finder_cpp -- -j4 -l4
[93.826s] Invoking command in '/home/mp4d/ros2_ws/src/contour_finder_cpp/build/contour_finder_cpp': CMAKE_PREFIX_PATH=${CMAKE_PREFIX_PATH}:/opt/ros/foxy /usr/bin/cmake --install /home/mp4d/ros2_ws/src/contour_finder_cpp/build/contour_finder_cpp
[93.885s] -- Install configuration: ""
[93.886s] -- Installing: /home/mp4d/ros2_ws/src/contour_finder_cpp/install/contour_finder_cpp/lib/contour_finder_cpp/contour_finder
[93.906s] -- Set runtime path of "/home/mp4d/ros2_ws/src/contour_finder_cpp/install/contour_finder_cpp/lib/contour_finder_cpp/contour_finder" to ""
[93.907s] -- Installing: /home/mp4d/ros2_ws/src/contour_finder_cpp/install/contour_finder_cpp/share/ament_index/resource_index/package_run_dependencies/contour_finder_cpp
[93.909s] -- Installing: /home/mp4d/ros2_ws/src/contour_finder_cpp/install/contour_finder_cpp/share/ament_index/resource_index/parent_prefix_path/contour_finder_cpp
[93.910s] -- Installing: /home/mp4d/ros2_ws/src/contour_finder_cpp/install/contour_finder_cpp/share/contour_finder_cpp/environment/ament_prefix_path.sh
[93.911s] -- Installing: /home/mp4d/ros2_ws/src/contour_finder_cpp/install/contour_finder_cpp/share/contour_finder_cpp/environment/ament_prefix_path.dsv
[93.912s] -- Installing: /home/mp4d/ros2_ws/src/contour_finder_cpp/install/contour_finder_cpp/share/contour_finder_cpp/environment/path.sh
[93.913s] -- Installing: /home/mp4d/ros2_ws/src/contour_finder_cpp/install/contour_finder_cpp/share/contour_finder_cpp/environment/path.dsv
[93.914s] -- Installing: /home/mp4d/ros2_ws/src/contour_finder_cpp/install/contour_finder_cpp/share/contour_finder_cpp/local_setup.bash
[93.915s] -- Installing: /home/mp4d/ros2_ws/src/contour_finder_cpp/install/contour_finder_cpp/share/contour_finder_cpp/local_setup.sh
[93.916s] -- Installing: /home/mp4d/ros2_ws/src/contour_finder_cpp/install/contour_finder_cpp/share/contour_finder_cpp/local_setup.zsh
[93.917s] -- Installing: /home/mp4d/ros2_ws/src/contour_finder_cpp/install/contour_finder_cpp/share/contour_finder_cpp/local_setup.dsv
[93.918s] -- Installing: /home/mp4d/ros2_ws/src/contour_finder_cpp/install/contour_finder_cpp/share/contour_finder_cpp/package.dsv
[93.918s] -- Installing: /home/mp4d/ros2_ws/src/contour_finder_cpp/install/contour_finder_cpp/share/ament_index/resource_index/packages/contour_finder_cpp
[93.919s] -- Installing: /home/mp4d/ros2_ws/src/contour_finder_cpp/install/contour_finder_cpp/share/contour_finder_cpp/cmake/contour_finder_cppConfig.cmake
[93.920s] -- Installing: /home/mp4d/ros2_ws/src/contour_finder_cpp/install/contour_finder_cpp/share/contour_finder_cpp/cmake/contour_finder_cppConfig-version.cmake
[93.920s] -- Installing: /home/mp4d/ros2_ws/src/contour_finder_cpp/install/contour_finder_cpp/share/contour_finder_cpp/package.xml
[93.935s] Invoked command in '/home/mp4d/ros2_ws/src/contour_finder_cpp/build/contour_finder_cpp' returned '0': CMAKE_PREFIX_PATH=${CMAKE_PREFIX_PATH}:/opt/ros/foxy /usr/bin/cmake --install /home/mp4d/ros2_ws/src/contour_finder_cpp/build/contour_finder_cpp
