-- The C compiler identification is GNU 9.4.0
-- The CXX compiler identification is GNU 9.4.0
-- Check for working C compiler: /usr/bin/cc
-- Check for working C compiler: /usr/bin/cc -- works
-- Detecting C compiler ABI info
-- Detecting C compiler ABI info - done
-- Detecting C compile features
-- Detecting C compile features - done
-- Check for working CXX compiler: /usr/bin/c++
-- Check for working CXX compiler: /usr/bin/c++ -- works
-- Detecting CXX compiler ABI info
-- Detecting CXX compiler ABI info - done
-- Detecting CXX compile features
-- Detecting CXX compile features - done
-- Found ament_cmake: 0.9.12 (/opt/ros/foxy/share/ament_cmake/cmake)
-- Found PythonInterp: /usr/bin/python3 (found suitable version "3.8.10", minimum required is "3") 
-- Using PYTHON_EXECUTABLE: /usr/bin/python3
-- Found rclcpp: 2.4.3 (/opt/ros/foxy/share/rclcpp/cmake)
-- Using all available rosidl_typesupport_c: rosidl_typesupport_fastrtps_c;rosidl_typesupport_introspection_c
-- Found rosidl_adapter: 1.3.1 (/opt/ros/foxy/share/rosidl_adapter/cmake)
-- Found OpenSSL: /usr/lib/aarch64-linux-gnu/libcrypto.so (found version "1.1.1f")  
-- Found FastRTPS: /opt/ros/foxy/include  
-- Using all available rosidl_typesupport_cpp: rosidl_typesupport_fastrtps_cpp;rosidl_typesupport_introspection_cpp
-- Found rmw_implementation_cmake: 1.0.4 (/opt/ros/foxy/share/rmw_implementation_cmake/cmake)
-- Using RMW implementation 'rmw_fastrtps_cpp' as default
-- Looking for pthread.h
-- Looking for pthread.h - found
-- Performing Test CMAKE_HAVE_LIBC_PTHREAD
-- Performing Test CMAKE_HAVE_LIBC_PTHREAD - Failed
-- Looking for pthread_create in pthreads
-- Looking for pthread_create in pthreads - not found
-- Looking for pthread_create in pthread
-- Looking for pthread_create in pthread - found
-- Found Threads: TRUE  
-- Found sensor_msgs: 2.0.5 (/opt/ros/foxy/share/sensor_msgs/cmake)
-- Found OpenCV: /usr (found version "4.2.0") 
-- Found cv_bridge: 3.0.7 (/opt/ros/foxy/share/cv_bridge/cmake)
-- Found dynamixel_sdk_custom_interfaces: 3.7.40 (/home/mp4d/DynamixelSDK/install/dynamixel_sdk_custom_interfaces/share/dynamixel_sdk_custom_interfaces/cmake)
-- Configuring done
-- Generating done
-- Build files have been written to: /home/mp4d/ros2_ws/src/contour_finder_cpp/build/contour_finder_cpp
[35m[1mScanning dependencies of target contour_finder[0m
[ 50%] [32mBuilding CXX object CMakeFiles/contour_finder.dir/src/contour_finder.cpp.o[0m
[100%] [32m[1mLinking CXX executable contour_finder[0m
[100%] Built target contour_finder
-- Install configuration: ""
-- Installing: /home/mp4d/ros2_ws/src/contour_finder_cpp/install/contour_finder_cpp/lib/contour_finder_cpp/contour_finder
-- Set runtime path of "/home/mp4d/ros2_ws/src/contour_finder_cpp/install/contour_finder_cpp/lib/contour_finder_cpp/contour_finder" to ""
-- Installing: /home/mp4d/ros2_ws/src/contour_finder_cpp/install/contour_finder_cpp/share/ament_index/resource_index/package_run_dependencies/contour_finder_cpp
-- Installing: /home/mp4d/ros2_ws/src/contour_finder_cpp/install/contour_finder_cpp/share/ament_index/resource_index/parent_prefix_path/contour_finder_cpp
-- Installing: /home/mp4d/ros2_ws/src/contour_finder_cpp/install/contour_finder_cpp/share/contour_finder_cpp/environment/ament_prefix_path.sh
-- Installing: /home/mp4d/ros2_ws/src/contour_finder_cpp/install/contour_finder_cpp/share/contour_finder_cpp/environment/ament_prefix_path.dsv
-- Installing: /home/mp4d/ros2_ws/src/contour_finder_cpp/install/contour_finder_cpp/share/contour_finder_cpp/environment/path.sh
-- Installing: /home/mp4d/ros2_ws/src/contour_finder_cpp/install/contour_finder_cpp/share/contour_finder_cpp/environment/path.dsv
-- Installing: /home/mp4d/ros2_ws/src/contour_finder_cpp/install/contour_finder_cpp/share/contour_finder_cpp/local_setup.bash
-- Installing: /home/mp4d/ros2_ws/src/contour_finder_cpp/install/contour_finder_cpp/share/contour_finder_cpp/local_setup.sh
-- Installing: /home/mp4d/ros2_ws/src/contour_finder_cpp/install/contour_finder_cpp/share/contour_finder_cpp/local_setup.zsh
-- Installing: /home/mp4d/ros2_ws/src/contour_finder_cpp/install/contour_finder_cpp/share/contour_finder_cpp/local_setup.dsv
-- Installing: /home/mp4d/ros2_ws/src/contour_finder_cpp/install/contour_finder_cpp/share/contour_finder_cpp/package.dsv
-- Installing: /home/mp4d/ros2_ws/src/contour_finder_cpp/install/contour_finder_cpp/share/ament_index/resource_index/packages/contour_finder_cpp
-- Installing: /home/mp4d/ros2_ws/src/contour_finder_cpp/install/contour_finder_cpp/share/contour_finder_cpp/cmake/contour_finder_cppConfig.cmake
-- Installing: /home/mp4d/ros2_ws/src/contour_finder_cpp/install/contour_finder_cpp/share/contour_finder_cpp/cmake/contour_finder_cppConfig-version.cmake
-- Installing: /home/mp4d/ros2_ws/src/contour_finder_cpp/install/contour_finder_cpp/share/contour_finder_cpp/package.xml
