[10.391s] DEBUG:colcon:Command line arguments: ['/usr/bin/colcon', 'build']
[10.392s] DEBUG:colcon:Parsed command line arguments: Namespace(allow_overriding=[], ament_cmake_args=None, base_paths=['.'], build_base='build', catkin_cmake_args=None, catkin_skip_building_tests=False, cmake_args=None, cmake_clean_cache=False, cmake_clean_first=False, cmake_force_configure=False, cmake_target=None, cmake_target_skip_unavailable=False, continue_on_error=False, event_handlers=None, executor='parallel', ignore_user_meta=False, install_base='install', log_base=None, log_level=None, main=<bound method BuildVerb.main of <colcon_core.verb.build.BuildVerb object at 0xffff8ca1d220>>, merge_install=False, metas=['./colcon.meta'], packages_above=None, packages_above_and_dependencies=None, packages_above_depth=None, packages_end=None, packages_ignore=None, packages_ignore_regex=None, packages_select=None, packages_select_build_failed=False, packages_select_by_dep=None, packages_select_regex=None, packages_select_test_failures=False, packages_skip=None, packages_skip_build_finished=False, packages_skip_by_dep=None, packages_skip_regex=None, packages_skip_test_passed=False, packages_skip_up_to=None, packages_start=None, packages_up_to=None, packages_up_to_regex=None, parallel_workers=4, paths=None, symlink_install=False, test_result_base=None, verb_extension=<colcon_core.verb.build.BuildVerb object at 0xffff8ca1d220>, verb_name='build', verb_parser=<colcon_defaults.argument_parser.defaults.DefaultArgumentsDecorator object at 0xffff8ca1d790>)
[10.893s] Level 1:colcon.colcon_core.package_discovery:discover_packages(colcon_meta) check parameters
[10.894s] Level 1:colcon.colcon_core.package_discovery:discover_packages(recursive) check parameters
[10.894s] Level 1:colcon.colcon_core.package_discovery:discover_packages(ignore) check parameters
[10.895s] Level 1:colcon.colcon_core.package_discovery:discover_packages(path) check parameters
[10.895s] Level 1:colcon.colcon_core.package_discovery:discover_packages(colcon_meta) discover
[10.895s] Level 1:colcon.colcon_core.package_discovery:discover_packages(recursive) discover
[10.896s] INFO:colcon.colcon_core.package_discovery:Crawling recursively for packages in '/home/mp4d/ros2_ws/src/contour_finder_cpp'
[10.896s] Level 1:colcon.colcon_core.package_identification:_identify(.) by extensions ['ignore', 'ignore_ament_install']
[10.897s] Level 1:colcon.colcon_core.package_identification:_identify(.) by extension 'ignore'
[10.897s] Level 1:colcon.colcon_core.package_identification:_identify(.) by extension 'ignore_ament_install'
[10.898s] Level 1:colcon.colcon_core.package_identification:_identify(.) by extensions ['colcon_pkg']
[10.898s] Level 1:colcon.colcon_core.package_identification:_identify(.) by extension 'colcon_pkg'
[10.898s] Level 1:colcon.colcon_core.package_identification:_identify(.) by extensions ['colcon_meta']
[10.899s] Level 1:colcon.colcon_core.package_identification:_identify(.) by extension 'colcon_meta'
[10.899s] Level 1:colcon.colcon_core.package_identification:_identify(.) by extensions ['ros']
[10.899s] Level 1:colcon.colcon_core.package_identification:_identify(.) by extension 'ros'
[11.044s] DEBUG:colcon.colcon_core.package_identification:Package '.' with type 'ros.ament_cmake' and name 'contour_finder_cpp'
[11.044s] Level 1:colcon.colcon_core.package_discovery:discover_packages(recursive) using defaults
[11.045s] Level 1:colcon.colcon_core.package_discovery:discover_packages(ignore) discover
[11.045s] Level 1:colcon.colcon_core.package_discovery:discover_packages(ignore) using defaults
[11.045s] Level 1:colcon.colcon_core.package_discovery:discover_packages(path) discover
[11.046s] Level 1:colcon.colcon_core.package_discovery:discover_packages(path) using defaults
[11.480s] Level 1:colcon.colcon_core.package_discovery:discover_packages(prefix_path) check parameters
[11.481s] Level 1:colcon.colcon_core.package_discovery:discover_packages(prefix_path) discover
[11.599s] DEBUG:colcon.colcon_installed_package_information.package_discovery:Found 3 installed packages in /home/mp4d/DynamixelSDK/install
[11.664s] DEBUG:colcon.colcon_installed_package_information.package_discovery:Found 177 installed packages in /opt/ros/foxy
[11.823s] Level 1:colcon.colcon_core.package_discovery:discover_packages(prefix_path) using defaults
[12.168s] Level 5:colcon.colcon_core.verb:set package 'contour_finder_cpp' build argument 'cmake_args' from command line to 'None'
[12.169s] Level 5:colcon.colcon_core.verb:set package 'contour_finder_cpp' build argument 'cmake_target' from command line to 'None'
[12.169s] Level 5:colcon.colcon_core.verb:set package 'contour_finder_cpp' build argument 'cmake_target_skip_unavailable' from command line to 'False'
[12.169s] Level 5:colcon.colcon_core.verb:set package 'contour_finder_cpp' build argument 'cmake_clean_cache' from command line to 'False'
[12.170s] Level 5:colcon.colcon_core.verb:set package 'contour_finder_cpp' build argument 'cmake_clean_first' from command line to 'False'
[12.170s] Level 5:colcon.colcon_core.verb:set package 'contour_finder_cpp' build argument 'cmake_force_configure' from command line to 'False'
[12.170s] Level 5:colcon.colcon_core.verb:set package 'contour_finder_cpp' build argument 'ament_cmake_args' from command line to 'None'
[12.170s] Level 5:colcon.colcon_core.verb:set package 'contour_finder_cpp' build argument 'catkin_cmake_args' from command line to 'None'
[12.170s] Level 5:colcon.colcon_core.verb:set package 'contour_finder_cpp' build argument 'catkin_skip_building_tests' from command line to 'False'
[12.171s] DEBUG:colcon.colcon_core.verb:Building package 'contour_finder_cpp' with the following arguments: {'ament_cmake_args': None, 'build_base': '/home/mp4d/ros2_ws/src/contour_finder_cpp/build/contour_finder_cpp', 'catkin_cmake_args': None, 'catkin_skip_building_tests': False, 'cmake_args': None, 'cmake_clean_cache': False, 'cmake_clean_first': False, 'cmake_force_configure': False, 'cmake_target': None, 'cmake_target_skip_unavailable': False, 'install_base': '/home/mp4d/ros2_ws/src/contour_finder_cpp/install/contour_finder_cpp', 'merge_install': False, 'path': '/home/mp4d/ros2_ws/src/contour_finder_cpp', 'symlink_install': False, 'test_result_base': None}
[12.223s] INFO:colcon.colcon_core.executor:Executing jobs using 'parallel' executor
[12.282s] DEBUG:colcon.colcon_parallel_executor.executor.parallel:run_until_complete
[12.285s] INFO:colcon.colcon_ros.task.ament_cmake.build:Building ROS package in '/home/mp4d/ros2_ws/src/contour_finder_cpp' with build type 'ament_cmake'
[12.286s] INFO:colcon.colcon_cmake.task.cmake.build:Building CMake package in '/home/mp4d/ros2_ws/src/contour_finder_cpp'
[12.350s] INFO:colcon.colcon_core.plugin_system:Skipping extension 'colcon_core.shell.bat': Not used on non-Windows systems
[12.351s] INFO:colcon.colcon_core.shell:Skip shell extension 'powershell' for command environment: Not usable outside of PowerShell
[12.352s] DEBUG:colcon.colcon_core.shell:Skip shell extension 'dsv' for command environment
[12.561s] DEBUG:colcon.colcon_core.event_handler.log_command:Invoking command in '/home/mp4d/ros2_ws/src/contour_finder_cpp/build/contour_finder_cpp': CMAKE_PREFIX_PATH=${CMAKE_PREFIX_PATH}:/opt/ros/foxy /usr/bin/cmake /home/mp4d/ros2_ws/src/contour_finder_cpp -DCMAKE_INSTALL_PREFIX=/home/mp4d/ros2_ws/src/contour_finder_cpp/install/contour_finder_cpp
[24.218s] DEBUG:colcon.colcon_core.event_handler.log_command:Invoked command in '/home/mp4d/ros2_ws/src/contour_finder_cpp/build/contour_finder_cpp' returned '0': CMAKE_PREFIX_PATH=${CMAKE_PREFIX_PATH}:/opt/ros/foxy /usr/bin/cmake /home/mp4d/ros2_ws/src/contour_finder_cpp -DCMAKE_INSTALL_PREFIX=/home/mp4d/ros2_ws/src/contour_finder_cpp/install/contour_finder_cpp
[24.237s] DEBUG:colcon.colcon_core.event_handler.log_command:Invoking command in '/home/mp4d/ros2_ws/src/contour_finder_cpp/build/contour_finder_cpp': CMAKE_PREFIX_PATH=${CMAKE_PREFIX_PATH}:/opt/ros/foxy /usr/bin/cmake --build /home/mp4d/ros2_ws/src/contour_finder_cpp/build/contour_finder_cpp -- -j4 -l4
[105.907s] DEBUG:colcon.colcon_core.event_handler.log_command:Invoked command in '/home/mp4d/ros2_ws/src/contour_finder_cpp/build/contour_finder_cpp' returned '0': CMAKE_PREFIX_PATH=${CMAKE_PREFIX_PATH}:/opt/ros/foxy /usr/bin/cmake --build /home/mp4d/ros2_ws/src/contour_finder_cpp/build/contour_finder_cpp -- -j4 -l4
[106.115s] DEBUG:colcon.colcon_core.event_handler.log_command:Invoking command in '/home/mp4d/ros2_ws/src/contour_finder_cpp/build/contour_finder_cpp': CMAKE_PREFIX_PATH=${CMAKE_PREFIX_PATH}:/opt/ros/foxy /usr/bin/cmake --install /home/mp4d/ros2_ws/src/contour_finder_cpp/build/contour_finder_cpp
[106.215s] Level 1:colcon.colcon_core.environment:create_environment_scripts_only(contour_finder_cpp)
[106.221s] DEBUG:colcon.colcon_core.event_handler.log_command:Invoked command in '/home/mp4d/ros2_ws/src/contour_finder_cpp/build/contour_finder_cpp' returned '0': CMAKE_PREFIX_PATH=${CMAKE_PREFIX_PATH}:/opt/ros/foxy /usr/bin/cmake --install /home/mp4d/ros2_ws/src/contour_finder_cpp/build/contour_finder_cpp
[106.360s] Level 1:colcon.colcon_core.environment:checking '/home/mp4d/ros2_ws/src/contour_finder_cpp/install/contour_finder_cpp' for CMake module files
[106.364s] Level 1:colcon.colcon_core.environment:checking '/home/mp4d/ros2_ws/src/contour_finder_cpp/install/contour_finder_cpp' for CMake config files
[106.366s] Level 1:colcon.colcon_core.shell:create_environment_hook('contour_finder_cpp', 'cmake_prefix_path')
[106.420s] INFO:colcon.colcon_core.shell:Creating environment hook '/home/mp4d/ros2_ws/src/contour_finder_cpp/install/contour_finder_cpp/share/contour_finder_cpp/hook/cmake_prefix_path.ps1'
[106.425s] INFO:colcon.colcon_core.shell:Creating environment descriptor '/home/mp4d/ros2_ws/src/contour_finder_cpp/install/contour_finder_cpp/share/contour_finder_cpp/hook/cmake_prefix_path.dsv'
[106.428s] INFO:colcon.colcon_core.shell:Creating environment hook '/home/mp4d/ros2_ws/src/contour_finder_cpp/install/contour_finder_cpp/share/contour_finder_cpp/hook/cmake_prefix_path.sh'
[106.435s] Level 1:colcon.colcon_core.environment:checking '/home/mp4d/ros2_ws/src/contour_finder_cpp/install/contour_finder_cpp/lib'
[106.437s] Level 1:colcon.colcon_core.environment:checking '/home/mp4d/ros2_ws/src/contour_finder_cpp/install/contour_finder_cpp/bin'
[106.437s] Level 1:colcon.colcon_core.environment:checking '/home/mp4d/ros2_ws/src/contour_finder_cpp/install/contour_finder_cpp/lib/pkgconfig/contour_finder_cpp.pc'
[106.439s] Level 1:colcon.colcon_core.environment:checking '/home/mp4d/ros2_ws/src/contour_finder_cpp/install/contour_finder_cpp/lib/python3.8/site-packages'
[106.440s] Level 1:colcon.colcon_core.environment:checking '/home/mp4d/ros2_ws/src/contour_finder_cpp/install/contour_finder_cpp/bin'
[106.497s] INFO:colcon.colcon_core.shell:Creating package script '/home/mp4d/ros2_ws/src/contour_finder_cpp/install/contour_finder_cpp/share/contour_finder_cpp/package.ps1'
[106.503s] INFO:colcon.colcon_core.shell:Creating package descriptor '/home/mp4d/ros2_ws/src/contour_finder_cpp/install/contour_finder_cpp/share/contour_finder_cpp/package.dsv'
[106.508s] INFO:colcon.colcon_core.shell:Creating package script '/home/mp4d/ros2_ws/src/contour_finder_cpp/install/contour_finder_cpp/share/contour_finder_cpp/package.sh'
[106.514s] INFO:colcon.colcon_core.shell:Creating package script '/home/mp4d/ros2_ws/src/contour_finder_cpp/install/contour_finder_cpp/share/contour_finder_cpp/package.bash'
[106.520s] INFO:colcon.colcon_core.shell:Creating package script '/home/mp4d/ros2_ws/src/contour_finder_cpp/install/contour_finder_cpp/share/contour_finder_cpp/package.zsh'
[106.526s] Level 1:colcon.colcon_core.environment:create_file_with_runtime_dependencies(/home/mp4d/ros2_ws/src/contour_finder_cpp/install/contour_finder_cpp/share/colcon-core/packages/contour_finder_cpp)
[106.712s] Level 1:colcon.colcon_core.environment:create_environment_scripts_only(contour_finder_cpp)
[106.768s] Level 1:colcon.colcon_core.environment:checking '/home/mp4d/ros2_ws/src/contour_finder_cpp/install/contour_finder_cpp' for CMake module files
[106.772s] Level 1:colcon.colcon_core.environment:checking '/home/mp4d/ros2_ws/src/contour_finder_cpp/install/contour_finder_cpp' for CMake config files
[106.774s] Level 1:colcon.colcon_core.shell:create_environment_hook('contour_finder_cpp', 'cmake_prefix_path')
[106.827s] INFO:colcon.colcon_core.shell:Creating environment hook '/home/mp4d/ros2_ws/src/contour_finder_cpp/install/contour_finder_cpp/share/contour_finder_cpp/hook/cmake_prefix_path.ps1'
[106.831s] INFO:colcon.colcon_core.shell:Creating environment descriptor '/home/mp4d/ros2_ws/src/contour_finder_cpp/install/contour_finder_cpp/share/contour_finder_cpp/hook/cmake_prefix_path.dsv'
[106.834s] INFO:colcon.colcon_core.shell:Creating environment hook '/home/mp4d/ros2_ws/src/contour_finder_cpp/install/contour_finder_cpp/share/contour_finder_cpp/hook/cmake_prefix_path.sh'
[106.838s] Level 1:colcon.colcon_core.environment:checking '/home/mp4d/ros2_ws/src/contour_finder_cpp/install/contour_finder_cpp/lib'
[106.839s] Level 1:colcon.colcon_core.environment:checking '/home/mp4d/ros2_ws/src/contour_finder_cpp/install/contour_finder_cpp/bin'
[106.840s] Level 1:colcon.colcon_core.environment:checking '/home/mp4d/ros2_ws/src/contour_finder_cpp/install/contour_finder_cpp/lib/pkgconfig/contour_finder_cpp.pc'
[106.841s] Level 1:colcon.colcon_core.environment:checking '/home/mp4d/ros2_ws/src/contour_finder_cpp/install/contour_finder_cpp/lib/python3.8/site-packages'
[106.843s] Level 1:colcon.colcon_core.environment:checking '/home/mp4d/ros2_ws/src/contour_finder_cpp/install/contour_finder_cpp/bin'
[106.899s] INFO:colcon.colcon_core.shell:Creating package script '/home/mp4d/ros2_ws/src/contour_finder_cpp/install/contour_finder_cpp/share/contour_finder_cpp/package.ps1'
[106.903s] INFO:colcon.colcon_core.shell:Creating package descriptor '/home/mp4d/ros2_ws/src/contour_finder_cpp/install/contour_finder_cpp/share/contour_finder_cpp/package.dsv'
[106.907s] INFO:colcon.colcon_core.shell:Creating package script '/home/mp4d/ros2_ws/src/contour_finder_cpp/install/contour_finder_cpp/share/contour_finder_cpp/package.sh'
[106.911s] INFO:colcon.colcon_core.shell:Creating package script '/home/mp4d/ros2_ws/src/contour_finder_cpp/install/contour_finder_cpp/share/contour_finder_cpp/package.bash'
[106.914s] INFO:colcon.colcon_core.shell:Creating package script '/home/mp4d/ros2_ws/src/contour_finder_cpp/install/contour_finder_cpp/share/contour_finder_cpp/package.zsh'
[106.918s] Level 1:colcon.colcon_core.environment:create_file_with_runtime_dependencies(/home/mp4d/ros2_ws/src/contour_finder_cpp/install/contour_finder_cpp/share/colcon-core/packages/contour_finder_cpp)
[106.920s] DEBUG:colcon.colcon_parallel_executor.executor.parallel:closing loop
[106.922s] DEBUG:colcon.colcon_parallel_executor.executor.parallel:loop closed
[106.923s] DEBUG:colcon.colcon_parallel_executor.executor.parallel:run_until_complete finished with '0'
[106.924s] DEBUG:colcon.colcon_core.event_reactor:joining thread
[107.022s] INFO:colcon.colcon_core.plugin_system:Skipping extension 'colcon_notification.desktop_notification.notify_send': Could not find 'notify-send'
[107.023s] INFO:colcon.colcon_core.plugin_system:Skipping extension 'colcon_notification.desktop_notification.terminal_notifier': Not used on non-Darwin systems
[107.023s] INFO:colcon.colcon_core.plugin_system:Skipping extension 'colcon_notification.desktop_notification.win32': Not used on non-Windows systems
[107.024s] INFO:colcon.colcon_notification.desktop_notification:Sending desktop notification using 'notify2'
[107.028s] DEBUG:colcon.colcon_notification.desktop_notification.notify2:Failed to initialize notify2: org.freedesktop.DBus.Error.ServiceUnknown: The name org.freedesktop.Notifications was not provided by any .service files
[107.028s] DEBUG:colcon.colcon_core.event_reactor:joined thread
[107.088s] INFO:colcon.colcon_core.shell:Creating prefix script '/home/mp4d/ros2_ws/src/contour_finder_cpp/install/local_setup.ps1'
[107.098s] INFO:colcon.colcon_core.shell:Creating prefix util module '/home/mp4d/ros2_ws/src/contour_finder_cpp/install/_local_setup_util_ps1.py'
[107.111s] INFO:colcon.colcon_core.shell:Creating prefix chain script '/home/mp4d/ros2_ws/src/contour_finder_cpp/install/setup.ps1'
[107.172s] INFO:colcon.colcon_core.shell:Creating prefix script '/home/mp4d/ros2_ws/src/contour_finder_cpp/install/local_setup.sh'
[107.179s] INFO:colcon.colcon_core.shell:Creating prefix util module '/home/mp4d/ros2_ws/src/contour_finder_cpp/install/_local_setup_util_sh.py'
[107.182s] INFO:colcon.colcon_core.shell:Creating prefix chain script '/home/mp4d/ros2_ws/src/contour_finder_cpp/install/setup.sh'
[107.245s] INFO:colcon.colcon_core.shell:Creating prefix script '/home/mp4d/ros2_ws/src/contour_finder_cpp/install/local_setup.bash'
[107.250s] INFO:colcon.colcon_core.shell:Creating prefix chain script '/home/mp4d/ros2_ws/src/contour_finder_cpp/install/setup.bash'
[107.312s] INFO:colcon.colcon_core.shell:Creating prefix script '/home/mp4d/ros2_ws/src/contour_finder_cpp/install/local_setup.zsh'
[107.317s] INFO:colcon.colcon_core.shell:Creating prefix chain script '/home/mp4d/ros2_ws/src/contour_finder_cpp/install/setup.zsh'
